  Sandbox.cpp
E:\Projects\Hazel\Hazel\src\Hazel\Log.h(18,55): warning C4251: “Hazel::Log::s_CoreLogger”: class“std::shared_ptr<spdlog::logger>”需要有 dll 接口由 class“Hazel::Log”的客户端使用
E:\Projects\Hazel\Hazel\vendor\spdlog\include\spdlog\details\registry.h(33): message : 参见“std::shared_ptr<spdlog::logger>”的声明
E:\Projects\Hazel\Hazel\src\Hazel\Log.h(19,60): warning C4251: “Hazel::Log::s_ClientLogger”: class“std::shared_ptr<spdlog::logger>”需要有 dll 接口由 class“Hazel::Log”的客户端使用
E:\Projects\Hazel\Hazel\vendor\spdlog\include\spdlog\details\registry.h(33): message : 参见“std::shared_ptr<spdlog::logger>”的声明
E:\Projects\Hazel\Hazel\src\Hazel\Log.h(39,1): warning C4005: “HZ_CORE_INFO”: 宏重定义
E:\Projects\Hazel\Hazel\src\Hazel\Log.h(25): message : 参见“HZ_CORE_INFO”的前一个定义
E:\Projects\Hazel\Hazel\src\Hazel\Layer.h(22,26): warning C4251: “Hazel::Layer::m_DebugName”: class“std::basic_string<char,std::char_traits<char>,std::allocator<char>>”需要有 dll 接口由 class“Hazel::Layer”的客户端使用
C:\Program Files (x86)\Microsoft Visual Studio\2019\Community\VC\Tools\MSVC\14.23.28105\include\xstring(4440): message : 参见“std::basic_string<char,std::char_traits<char>,std::allocator<char>>”的声明
E:\Projects\Hazel\Hazel\src\Hazel\LayerStack.h(24,31): warning C4251: “Hazel::LayerStack::m_Layers”: class“std::vector<Hazel::Layer *,std::allocator<_Ty>>”需要有 dll 接口由 class“Hazel::LayerStack”的客户端使用
E:\Projects\Hazel\Hazel\src\Hazel\LayerStack.h(24,31): warning C4251:         with
E:\Projects\Hazel\Hazel\src\Hazel\LayerStack.h(24,31): warning C4251:         [
E:\Projects\Hazel\Hazel\src\Hazel\LayerStack.h(24,31): warning C4251:             _Ty=Hazel::Layer *
E:\Projects\Hazel\Hazel\src\Hazel\LayerStack.h(24,31): warning C4251:         ]
E:\Projects\Hazel\Hazel\src\Hazel\LayerStack.h(21): message : 参见“std::vector<Hazel::Layer *,std::allocator<_Ty>>”的声明
E:\Projects\Hazel\Hazel\src\Hazel\LayerStack.h(21): message :         with
E:\Projects\Hazel\Hazel\src\Hazel\LayerStack.h(21): message :         [
E:\Projects\Hazel\Hazel\src\Hazel\LayerStack.h(21): message :             _Ty=Hazel::Layer *
E:\Projects\Hazel\Hazel\src\Hazel\LayerStack.h(21): message :         ]
E:\Projects\Hazel\Hazel\src\Hazel\Application.h(31,35): warning C4251: “Hazel::Application::m_Window”: class“std::unique_ptr<Hazel::Window,std::default_delete<_Ty>>”需要有 dll 接口由 class“Hazel::Application”的客户端使用
E:\Projects\Hazel\Hazel\src\Hazel\Application.h(31,35): warning C4251:         with
E:\Projects\Hazel\Hazel\src\Hazel\Application.h(31,35): warning C4251:         [
E:\Projects\Hazel\Hazel\src\Hazel\Application.h(31,35): warning C4251:             _Ty=Hazel::Window
E:\Projects\Hazel\Hazel\src\Hazel\Application.h(31,35): warning C4251:         ]
E:\Projects\Hazel\Hazel\src\Hazel\Application.h(31): message : 参见“std::unique_ptr<Hazel::Window,std::default_delete<_Ty>>”的声明
E:\Projects\Hazel\Hazel\src\Hazel\Application.h(31): message :         with
E:\Projects\Hazel\Hazel\src\Hazel\Application.h(31): message :         [
E:\Projects\Hazel\Hazel\src\Hazel\Application.h(31): message :             _Ty=Hazel::Window
E:\Projects\Hazel\Hazel\src\Hazel\Application.h(31): message :         ]
Sandbox.obj : error LNK2019: 无法解析的外部符号 "bool __cdecl ImGui::Begin(char const *,bool *,int)" (?Begin@ImGui@@YA_NPEBDPEA_NH@Z)，该符号在函数 "public: virtual void __cdecl ExampleLayer::OnImGuiRender(void)" (?OnImGuiRender@ExampleLayer@@UEAAXXZ) 中被引用
Sandbox.obj : error LNK2019: 无法解析的外部符号 "void __cdecl ImGui::End(void)" (?End@ImGui@@YAXXZ)，该符号在函数 "public: virtual void __cdecl ExampleLayer::OnImGuiRender(void)" (?OnImGuiRender@ExampleLayer@@UEAAXXZ) 中被引用
Sandbox.obj : error LNK2019: 无法解析的外部符号 "void __cdecl ImGui::Text(char const *,...)" (?Text@ImGui@@YAXPEBDZZ)，该符号在函数 "public: virtual void __cdecl ExampleLayer::OnImGuiRender(void)" (?OnImGuiRender@ExampleLayer@@UEAAXXZ) 中被引用
..\bin\Debug-windows-x86_64\Sandbox\Sandbox.exe : fatal error LNK1120: 3 个无法解析的外部命令
